2025-05-24 17:12:16,443 - INFO - Running full training...
2025-05-24 17:13:07,887 - INFO - Running full training...
2025-05-24 17:14:20,151 - INFO - Running cross-validation...
2025-05-24 17:14:20,746 - INFO - Precipitation field resampled to monthly
2025-05-24 17:14:20,843 - INFO - Temperature field resampled to monthly
2025-05-24 17:14:34,716 - INFO - training set size=232
2025-05-24 17:14:34,717 - INFO - validation size=58
2025-05-24 17:14:34,717 - INFO -    Hidden Neuron     rmse   nse
0              1  3736.59  0.54
1              2  2649.59  0.77
2              4  2670.75  0.76
3              5  2683.34  0.76
4              6  2652.24  0.77
5              8  2644.87  0.77
6             12  2638.59  0.77
7             32  2633.43  0.77
2025-05-24 17:16:49,240 - INFO - Running prediction...
2025-05-24 17:16:49,836 - INFO - Precipitation field resampled to monthly
2025-05-24 17:16:49,929 - INFO - Temperature field resampled to monthly
2025-05-24 17:16:50,056 - INFO - (75,)
2025-05-24 17:20:23,063 - INFO - Running prediction...
2025-05-24 17:20:23,659 - INFO - freq_rain=1.0, freq_temperature=1.0
2025-05-24 17:20:23,659 - INFO - Precipitation field resampled to monthly
2025-05-24 17:20:23,753 - INFO - Temperature field resampled to monthly
2025-05-24 17:20:23,881 - INFO - (75,)
2025-05-24 17:21:33,429 - INFO - Running prediction...
2025-05-24 17:21:34,020 - INFO - freq_rain=1.0, freq_temperature=1.0
2025-05-24 17:21:34,020 - INFO - Precipitation field resampled to monthly
2025-05-24 17:21:34,114 - INFO - Temperature field resampled to monthly
2025-05-24 17:23:14,896 - INFO - Running prediction...
2025-05-24 17:23:15,490 - INFO - freq_rain=1.0, freq_temperature=1.0
2025-05-24 17:23:15,490 - INFO - Precipitation field resampled to monthly
2025-05-24 17:23:15,585 - INFO - Temperature field resampled to monthly
2025-05-24 17:23:15,714 - INFO - prediction saved to ./out/predicted.csv
2025-05-24 17:33:02,579 - INFO - Running full training...
2025-05-24 17:33:03,176 - INFO - Precipitation field resampled to monthly
2025-05-24 17:33:03,270 - INFO - Temperature field resampled to monthly
2025-05-24 17:33:03,828 - INFO - Epoch [20/300], Loss: 0.503719
2025-05-24 17:33:03,834 - INFO - Epoch [40/300], Loss: 0.252096
2025-05-24 17:33:03,842 - INFO - Epoch [60/300], Loss: 0.249440
2025-05-24 17:33:03,850 - INFO - Epoch [80/300], Loss: 0.244972
2025-05-24 17:33:03,855 - INFO - Epoch [100/300], Loss: 0.241715
2025-05-24 17:33:03,861 - INFO - Epoch [120/300], Loss: 0.239383
2025-05-24 17:33:03,866 - INFO - Epoch [140/300], Loss: 0.237394
2025-05-24 17:33:03,872 - INFO - Epoch [160/300], Loss: 0.235691
2025-05-24 17:33:03,877 - INFO - Epoch [180/300], Loss: 0.234246
2025-05-24 17:33:03,882 - INFO - Epoch [200/300], Loss: 0.233043
2025-05-24 17:33:03,888 - INFO - Epoch [220/300], Loss: 0.232062
2025-05-24 17:33:03,894 - INFO - Epoch [240/300], Loss: 0.231276
2025-05-24 17:33:03,899 - INFO - Epoch [260/300], Loss: 0.230657
2025-05-24 17:33:03,905 - INFO - Epoch [280/300], Loss: 0.230176
2025-05-24 17:33:03,910 - INFO - Epoch [300/300], Loss: 0.229804
2025-05-24 17:33:03,967 - INFO - nse= 0.7702117873000609
2025-05-24 17:33:03,967 - INFO - rmse= 2640.8796915120515
2025-05-24 17:35:17,004 - INFO - Running full training...
2025-05-24 17:35:17,590 - INFO - freq_rain=1.0, freq_temperature=1.0, freq_time=30.43728813559322
2025-05-24 17:35:17,590 - INFO - Precipitation field resampled to monthly
2025-05-24 17:35:17,684 - INFO - Temperature field resampled to monthly
2025-05-24 17:35:18,246 - INFO - Epoch [20/300], Loss: 0.921259
2025-05-24 17:35:18,252 - INFO - Epoch [40/300], Loss: 0.452275
2025-05-24 17:35:18,257 - INFO - Epoch [60/300], Loss: 0.340116
2025-05-24 17:35:18,265 - INFO - Epoch [80/300], Loss: 0.278523
2025-05-24 17:35:18,270 - INFO - Epoch [100/300], Loss: 0.247330
2025-05-24 17:35:18,276 - INFO - Epoch [120/300], Loss: 0.236113
2025-05-24 17:35:18,282 - INFO - Epoch [140/300], Loss: 0.233185
2025-05-24 17:35:18,287 - INFO - Epoch [160/300], Loss: 0.232197
2025-05-24 17:35:18,293 - INFO - Epoch [180/300], Loss: 0.231591
2025-05-24 17:35:18,298 - INFO - Epoch [200/300], Loss: 0.231166
2025-05-24 17:35:18,303 - INFO - Epoch [220/300], Loss: 0.230851
2025-05-24 17:35:18,309 - INFO - Epoch [240/300], Loss: 0.230602
2025-05-24 17:35:18,314 - INFO - Epoch [260/300], Loss: 0.230393
2025-05-24 17:35:18,320 - INFO - Epoch [280/300], Loss: 0.230211
2025-05-24 17:35:18,326 - INFO - Epoch [300/300], Loss: 0.230045
2025-05-24 17:35:18,377 - INFO - nse= 0.7699626470826761
2025-05-24 17:35:18,377 - INFO - rmse= 2642.3109465999446
2025-05-24 17:36:30,996 - INFO - Running full training...
2025-05-24 17:36:31,586 - INFO - freq_rain=1.0, freq_temperature=1.0, freq_discharge=30.43728813559322
2025-05-24 17:36:31,586 - INFO - Precipitation field resampled to monthly
2025-05-24 17:36:31,680 - INFO - Temperature field resampled to monthly
2025-05-24 17:36:32,241 - INFO - Epoch [20/300], Loss: 0.767546
2025-05-24 17:36:32,246 - INFO - Epoch [40/300], Loss: 0.447510
2025-05-24 17:36:32,252 - INFO - Epoch [60/300], Loss: 0.378257
2025-05-24 17:36:32,258 - INFO - Epoch [80/300], Loss: 0.309546
2025-05-24 17:36:32,263 - INFO - Epoch [100/300], Loss: 0.269463
2025-05-24 17:36:32,269 - INFO - Epoch [120/300], Loss: 0.250598
2025-05-24 17:36:32,274 - INFO - Epoch [140/300], Loss: 0.241786
2025-05-24 17:36:32,279 - INFO - Epoch [160/300], Loss: 0.237019
2025-05-24 17:36:32,285 - INFO - Epoch [180/300], Loss: 0.234299
2025-05-24 17:36:32,290 - INFO - Epoch [200/300], Loss: 0.232783
2025-05-24 17:36:32,296 - INFO - Epoch [220/300], Loss: 0.231957
2025-05-24 17:36:32,302 - INFO - Epoch [240/300], Loss: 0.231499
2025-05-24 17:36:32,308 - INFO - Epoch [260/300], Loss: 0.231230
2025-05-24 17:36:32,313 - INFO - Epoch [280/300], Loss: 0.231053
2025-05-24 17:36:32,318 - INFO - Epoch [300/300], Loss: 0.230924
2025-05-24 17:36:32,367 - INFO - nse= 0.7690819943174694
2025-05-24 17:36:32,367 - INFO - rmse= 2647.363899064566
